# JRE version: Java(TM) SE Runtime Environment (8.0_66-b17) (build 1.8.0_66-b17)
# Java VM: Java HotSpot(TM) 64-Bit Server VM (25.66-b17 mixed mode bsd-amd64 compressed oops)
Heap:
 PSYoungGen      total 193024K, used 80026K [0x000000076ab00000, 0x000000077b080000, 0x00000007c0000000)
  eden space 179712K, 37% used [0x000000076ab00000,0x000000076ec28450,0x0000000775a80000)
  from space 13312K, 99% used [0x0000000775a80000,0x000000077677e778,0x0000000776780000)
  to   space 24064K, 0% used [0x0000000779900000,0x0000000779900000,0x000000077b080000)
 ParOldGen       total 154624K, used 33345K [0x00000006c0000000, 0x00000006c9700000, 0x000000076ab00000)
  object space 154624K, 21% used [0x00000006c0000000,0x00000006c20906f0,0x00000006c9700000)
 Metaspace       used 58123K, capacity 58770K, committed 59008K, reserved 1099776K
  class space    used 9374K, capacity 9517K, committed 9600K, reserved 1048576K
GC Heap History (10 events):
Event: 2.146 GC heap before
{Heap before GC invocations=5 (full 1):
 PSYoungGen      total 76288K, used 65536K [0x000000076ab00000, 0x0000000774000000, 0x00000007c0000000)
  eden space 65536K, 100% used [0x000000076ab00000,0x000000076eb00000,0x000000076eb00000)
  from space 10752K, 0% used [0x000000076eb00000,0x000000076eb00000,0x000000076f580000)
  to   space 10752K, 0% used [0x0000000773580000,0x0000000773580000,0x0000000774000000)
 ParOldGen       total 90624K, used 5324K [0x00000006c0000000, 0x00000006c5880000, 0x000000076ab00000)
  object space 90624K, 5% used [0x00000006c0000000,0x00000006c0533128,0x00000006c5880000)
 Metaspace       used 26800K, capacity 27082K, committed 27392K, reserved 1073152K
  class space    used 3977K, capacity 4071K, committed 4096K, reserved 1048576K
Event: 2.152 GC heap after
Heap after GC invocations=5 (full 1):
 PSYoungGen      total 117248K, used 6757K [0x000000076ab00000, 0x0000000773c80000, 0x00000007c0000000)
  eden space 110080K, 0% used [0x000000076ab00000,0x000000076ab00000,0x0000000771680000)
  from space 7168K, 94% used [0x0000000773580000,0x0000000773c19768,0x0000000773c80000)
  to   space 10752K, 0% used [0x0000000772780000,0x0000000772780000,0x0000000773200000)
 ParOldGen       total 90624K, used 5332K [0x00000006c0000000, 0x00000006c5880000, 0x000000076ab00000)
  object space 90624K, 5% used [0x00000006c0000000,0x00000006c0535128,0x00000006c5880000)
 Metaspace       used 26800K, capacity 27082K, committed 27392K, reserved 1073152K
  class space    used 3977K, capacity 4071K, committed 4096K, reserved 1048576K
}
Event: 2.753 GC heap before
{Heap before GC invocations=6 (full 1):
 PSYoungGen      total 117248K, used 102338K [0x000000076ab00000, 0x0000000773c80000, 0x00000007c0000000)
  eden space 110080K, 86% used [0x000000076ab00000,0x0000000770857470,0x0000000771680000)
  from space 7168K, 94% used [0x0000000773580000,0x0000000773c19768,0x0000000773c80000)
  to   space 10752K, 0% used [0x0000000772780000,0x0000000772780000,0x0000000773200000)
 ParOldGen       total 90624K, used 5332K [0x00000006c0000000, 0x00000006c5880000, 0x000000076ab00000)
  object space 90624K, 5% used [0x00000006c0000000,0x00000006c0535128,0x00000006c5880000)
 Metaspace       used 35052K, capacity 35350K, committed 35416K, reserved 1079296K
  class space    used 5247K, capacity 5361K, committed 5376K, reserved 1048576K
Event: 2.765 GC heap after
Heap after GC invocations=6 (full 1):
 PSYoungGen      total 138240K, used 10724K [0x000000076ab00000, 0x0000000777600000, 0x00000007c0000000)
  eden space 127488K, 0% used [0x000000076ab00000,0x000000076ab00000,0x0000000772780000)
  from space 10752K, 99% used [0x0000000772780000,0x00000007731f91c0,0x0000000773200000)
  to   space 12288K, 0% used [0x0000000776a00000,0x0000000776a00000,0x0000000777600000)
 ParOldGen       total 90624K, used 5586K [0x00000006c0000000, 0x00000006c5880000, 0x000000076ab00000)
  object space 90624K, 6% used [0x00000006c0000000,0x00000006c0574988,0x00000006c5880000)
 Metaspace       used 35052K, capacity 35350K, committed 35416K, reserved 1079296K
  class space    used 5247K, capacity 5361K, committed 5376K, reserved 1048576K
}
Event: 2.765 GC heap before
{Heap before GC invocations=7 (full 2):
 PSYoungGen      total 138240K, used 10724K [0x000000076ab00000, 0x0000000777600000, 0x00000007c0000000)
  eden space 127488K, 0% used [0x000000076ab00000,0x000000076ab00000,0x0000000772780000)
  from space 10752K, 99% used [0x0000000772780000,0x00000007731f91c0,0x0000000773200000)
  to   space 12288K, 0% used [0x0000000776a00000,0x0000000776a00000,0x0000000777600000)
 ParOldGen       total 90624K, used 5586K [0x00000006c0000000, 0x00000006c5880000, 0x000000076ab00000)
  object space 90624K, 6% used [0x00000006c0000000,0x00000006c0574988,0x00000006c5880000)
 Metaspace       used 35052K, capacity 35350K, committed 35416K, reserved 1079296K
  class space    used 5247K, capacity 5361K, committed 5376K, reserved 1048576K
Event: 2.841 GC heap after
Heap after GC invocations=7 (full 2):
 PSYoungGen      total 138240K, used 0K [0x000000076ab00000, 0x0000000777600000, 0x00000007c0000000)
  eden space 127488K, 0% used [0x000000076ab00000,0x000000076ab00000,0x0000000772780000)
  from space 10752K, 0% used [0x0000000772780000,0x0000000772780000,0x0000000773200000)
  to   space 12288K, 0% used [0x0000000776a00000,0x0000000776a00000,0x0000000777600000)
 ParOldGen       total 154624K, used 15138K [0x00000006c0000000, 0x00000006c9700000, 0x000000076ab00000)
  object space 154624K, 9% used [0x00000006c0000000,0x00000006c0ec8bf8,0x00000006c9700000)
 Metaspace       used 35052K, capacity 35350K, committed 35416K, reserved 1079296K
  class space    used 5247K, capacity 5361K, committed 5376K, reserved 1048576K
}
Event: 3.737 GC heap before
{Heap before GC invocations=8 (full 2):
 PSYoungGen      total 138240K, used 127488K [0x000000076ab00000, 0x0000000777600000, 0x00000007c0000000)
  eden space 127488K, 100% used [0x000000076ab00000,0x0000000772780000,0x0000000772780000)
  from space 10752K, 0% used [0x0000000772780000,0x0000000772780000,0x0000000773200000)
  to   space 12288K, 0% used [0x0000000776a00000,0x0000000776a00000,0x0000000777600000)
 ParOldGen       total 154624K, used 15138K [0x00000006c0000000, 0x00000006c9700000, 0x000000076ab00000)
  object space 154624K, 9% used [0x00000006c0000000,0x00000006c0ec8bf8,0x00000006c9700000)
 Metaspace       used 44093K, capacity 44580K, committed 44800K, reserved 1087488K
  class space    used 6761K, capacity 6897K, committed 6912K, reserved 1048576K
Event: 3.746 GC heap after
Heap after GC invocations=8 (full 2):
 PSYoungGen      total 180736K, used 10547K [0x000000076ab00000, 0x0000000777480000, 0x00000007c0000000)
  eden space 169984K, 0% used [0x000000076ab00000,0x000000076ab00000,0x0000000775100000)
  from space 10752K, 98% used [0x0000000776a00000,0x000000077744cc08,0x0000000777480000)
  to   space 13312K, 0% used [0x0000000775a80000,0x0000000775a80000,0x0000000776780000)
 ParOldGen       total 154624K, used 15146K [0x00000006c0000000, 0x00000006c9700000, 0x000000076ab00000)
  object space 154624K, 9% used [0x00000006c0000000,0x00000006c0ecabf8,0x00000006c9700000)
 Metaspace       used 44093K, capacity 44580K, committed 44800K, reserved 1087488K
  class space    used 6761K, capacity 6897K, committed 6912K, reserved 1048576K
}
Event: 6.247 GC heap before
{Heap before GC invocations=9 (full 2):
 PSYoungGen      total 180736K, used 180531K [0x000000076ab00000, 0x0000000777480000, 0x00000007c0000000)
  eden space 169984K, 100% used [0x000000076ab00000,0x0000000775100000,0x0000000775100000)
  from space 10752K, 98% used [0x0000000776a00000,0x000000077744cc08,0x0000000777480000)
  to   space 13312K, 0% used [0x0000000775a80000,0x0000000775a80000,0x0000000776780000)
 ParOldGen       total 154624K, used 15146K [0x00000006c0000000, 0x00000006c9700000, 0x000000076ab00000)
  object space 154624K, 9% used [0x00000006c0000000,0x00000006c0ecabf8,0x00000006c9700000)
 Metaspace       used 55819K, capacity 56328K, committed 56576K, reserved 1097728K
  class space    used 8971K, capacity 9111K, committed 9216K, reserved 1048576K
Event: 6.265 GC heap after
Heap after GC invocations=9 (full 2):
 PSYoungGen      total 193024K, used 13305K [0x000000076ab00000, 0x000000077b080000, 0x00000007c0000000)
  eden space 179712K, 0% used [0x000000076ab00000,0x000000076ab00000,0x0000000775a80000)
  from space 13312K, 99% used [0x0000000775a80000,0x000000077677e778,0x0000000776780000)
  to   space 24064K, 0% used [0x0000000779900000,0x0000000779900000,0x000000077b080000)
 ParOldGen       total 154624K, used 33345K [0x00000006c0000000, 0x00000006c9700000, 0x000000076ab00000)
  object space 154624K, 21% used [0x00000006c0000000,0x00000006c20906f0,0x00000006c9700000)
 Metaspace       used 55819K, capacity 56328K, committed 56576K, reserved 1097728K
  class space    used 8971K, capacity 9111K, committed 9216K, reserved 1048576K
}

