# JRE version: Java(TM) SE Runtime Environment (8.0_66-b17) (build 1.8.0_66-b17)
# Java VM: Java HotSpot(TM) 64-Bit Server VM (25.66-b17 mixed mode bsd-amd64 compressed oops)
Heap:
 PSYoungGen      total 233472K, used 60120K [0x000000076ab00000, 0x000000077ee80000, 0x00000007c0000000)
  eden space 219648K, 21% used [0x000000076ab00000,0x000000076d839cd8,0x0000000778180000)
  from space 13824K, 99% used [0x0000000778180000,0x0000000778efc648,0x0000000778f00000)
  to   space 25088K, 0% used [0x000000077d600000,0x000000077d600000,0x000000077ee80000)
 ParOldGen       total 135168K, used 30377K [0x00000006c0000000, 0x00000006c8400000, 0x000000076ab00000)
  object space 135168K, 22% used [0x00000006c0000000,0x00000006c1daa458,0x00000006c8400000)
 Metaspace       used 57922K, capacity 58566K, committed 58752K, reserved 1097728K
  class space    used 9361K, capacity 9515K, committed 9600K, reserved 1048576K
GC Heap History (10 events):
Event: 2.517 GC heap before
{Heap before GC invocations=5 (full 1):
 PSYoungGen      total 141312K, used 130560K [0x000000076ab00000, 0x0000000774000000, 0x00000007c0000000)
  eden space 130560K, 100% used [0x000000076ab00000,0x0000000772a80000,0x0000000772a80000)
  from space 10752K, 0% used [0x0000000772a80000,0x0000000772a80000,0x0000000773500000)
  to   space 10752K, 0% used [0x0000000773580000,0x0000000773580000,0x0000000774000000)
 ParOldGen       total 88576K, used 5328K [0x00000006c0000000, 0x00000006c5680000, 0x000000076ab00000)
  object space 88576K, 6% used [0x00000006c0000000,0x00000006c0534088,0x00000006c5680000)
 Metaspace       used 31623K, capacity 32022K, committed 32128K, reserved 1077248K
  class space    used 4796K, capacity 4913K, committed 4992K, reserved 1048576K
Event: 2.529 GC heap after
Heap after GC invocations=5 (full 1):
 PSYoungGen      total 141824K, used 10725K [0x000000076ab00000, 0x0000000779980000, 0x00000007c0000000)
  eden space 131072K, 0% used [0x000000076ab00000,0x000000076ab00000,0x0000000772b00000)
  from space 10752K, 99% used [0x0000000773580000,0x0000000773ff96a8,0x0000000774000000)
  to   space 10752K, 0% used [0x0000000772b00000,0x0000000772b00000,0x0000000773580000)
 ParOldGen       total 88576K, used 6274K [0x00000006c0000000, 0x00000006c5680000, 0x000000076ab00000)
  object space 88576K, 7% used [0x00000006c0000000,0x00000006c0620900,0x00000006c5680000)
 Metaspace       used 31623K, capacity 32022K, committed 32128K, reserved 1077248K
  class space    used 4796K, capacity 4913K, committed 4992K, reserved 1048576K
}
Event: 2.816 GC heap before
{Heap before GC invocations=6 (full 1):
 PSYoungGen      total 141824K, used 57959K [0x000000076ab00000, 0x0000000779980000, 0x00000007c0000000)
  eden space 131072K, 36% used [0x000000076ab00000,0x000000076d920870,0x0000000772b00000)
  from space 10752K, 99% used [0x0000000773580000,0x0000000773ff96a8,0x0000000774000000)
  to   space 10752K, 0% used [0x0000000772b00000,0x0000000772b00000,0x0000000773580000)
 ParOldGen       total 88576K, used 6274K [0x00000006c0000000, 0x00000006c5680000, 0x000000076ab00000)
  object space 88576K, 7% used [0x00000006c0000000,0x00000006c0620900,0x00000006c5680000)
 Metaspace       used 35065K, capacity 35350K, committed 35416K, reserved 1079296K
  class space    used 5248K, capacity 5361K, committed 5376K, reserved 1048576K
Event: 2.824 GC heap after
Heap after GC invocations=6 (full 1):
 PSYoungGen      total 141824K, used 7258K [0x000000076ab00000, 0x0000000779f00000, 0x00000007c0000000)
  eden space 131072K, 0% used [0x000000076ab00000,0x000000076ab00000,0x0000000772b00000)
  from space 10752K, 67% used [0x0000000772b00000,0x0000000773216850,0x0000000773580000)
  to   space 13312K, 0% used [0x0000000779200000,0x0000000779200000,0x0000000779f00000)
 ParOldGen       total 88576K, used 6282K [0x00000006c0000000, 0x00000006c5680000, 0x000000076ab00000)
  object space 88576K, 7% used [0x00000006c0000000,0x00000006c0622900,0x00000006c5680000)
 Metaspace       used 35065K, capacity 35350K, committed 35416K, reserved 1079296K
  class space    used 5248K, capacity 5361K, committed 5376K, reserved 1048576K
}
Event: 2.824 GC heap before
{Heap before GC invocations=7 (full 2):
 PSYoungGen      total 141824K, used 7258K [0x000000076ab00000, 0x0000000779f00000, 0x00000007c0000000)
  eden space 131072K, 0% used [0x000000076ab00000,0x000000076ab00000,0x0000000772b00000)
  from space 10752K, 67% used [0x0000000772b00000,0x0000000773216850,0x0000000773580000)
  to   space 13312K, 0% used [0x0000000779200000,0x0000000779200000,0x0000000779f00000)
 ParOldGen       total 88576K, used 6282K [0x00000006c0000000, 0x00000006c5680000, 0x000000076ab00000)
  object space 88576K, 7% used [0x00000006c0000000,0x00000006c0622900,0x00000006c5680000)
 Metaspace       used 35065K, capacity 35350K, committed 35416K, reserved 1079296K
  class space    used 5248K, capacity 5361K, committed 5376K, reserved 1048576K
Event: 2.868 GC heap after
Heap after GC invocations=7 (full 2):
 PSYoungGen      total 141824K, used 0K [0x000000076ab00000, 0x0000000779f00000, 0x00000007c0000000)
  eden space 131072K, 0% used [0x000000076ab00000,0x000000076ab00000,0x0000000772b00000)
  from space 10752K, 0% used [0x0000000772b00000,0x0000000772b00000,0x0000000773580000)
  to   space 13312K, 0% used [0x0000000779200000,0x0000000779200000,0x0000000779f00000)
 ParOldGen       total 135168K, used 11764K [0x00000006c0000000, 0x00000006c8400000, 0x000000076ab00000)
  object space 135168K, 8% used [0x00000006c0000000,0x00000006c0b7d260,0x00000006c8400000)
 Metaspace       used 35065K, capacity 35350K, committed 35416K, reserved 1079296K
  class space    used 5248K, capacity 5361K, committed 5376K, reserved 1048576K
}
Event: 3.760 GC heap before
{Heap before GC invocations=8 (full 2):
 PSYoungGen      total 141824K, used 131072K [0x000000076ab00000, 0x0000000779f00000, 0x00000007c0000000)
  eden space 131072K, 100% used [0x000000076ab00000,0x0000000772b00000,0x0000000772b00000)
  from space 10752K, 0% used [0x0000000772b00000,0x0000000772b00000,0x0000000773580000)
  to   space 13312K, 0% used [0x0000000779200000,0x0000000779200000,0x0000000779f00000)
 ParOldGen       total 135168K, used 11764K [0x00000006c0000000, 0x00000006c8400000, 0x000000076ab00000)
  object space 135168K, 8% used [0x00000006c0000000,0x00000006c0b7d260,0x00000006c8400000)
 Metaspace       used 44206K, capacity 44668K, committed 44800K, reserved 1087488K
  class space    used 6788K, capacity 6901K, committed 6912K, reserved 1048576K
Event: 3.768 GC heap after
Heap after GC invocations=8 (full 2):
 PSYoungGen      total 205312K, used 10632K [0x000000076ab00000, 0x0000000779c80000, 0x00000007c0000000)
  eden space 194560K, 0% used [0x000000076ab00000,0x000000076ab00000,0x0000000776900000)
  from space 10752K, 98% used [0x0000000779200000,0x0000000779c62088,0x0000000779c80000)
  to   space 13824K, 0% used [0x0000000778180000,0x0000000778180000,0x0000000778f00000)
 ParOldGen       total 135168K, used 11772K [0x00000006c0000000, 0x00000006c8400000, 0x000000076ab00000)
  object space 135168K, 8% used [0x00000006c0000000,0x00000006c0b7f260,0x00000006c8400000)
 Metaspace       used 44206K, capacity 44668K, committed 44800K, reserved 1087488K
  class space    used 6788K, capacity 6901K, committed 6912K, reserved 1048576K
}
Event: 6.319 GC heap before
{Heap before GC invocations=9 (full 2):
 PSYoungGen      total 205312K, used 205192K [0x000000076ab00000, 0x0000000779c80000, 0x00000007c0000000)
  eden space 194560K, 100% used [0x000000076ab00000,0x0000000776900000,0x0000000776900000)
  from space 10752K, 98% used [0x0000000779200000,0x0000000779c62088,0x0000000779c80000)
  to   space 13824K, 0% used [0x0000000778180000,0x0000000778180000,0x0000000778f00000)
 ParOldGen       total 135168K, used 11772K [0x00000006c0000000, 0x00000006c8400000, 0x000000076ab00000)
  object space 135168K, 8% used [0x00000006c0000000,0x00000006c0b7f260,0x00000006c8400000)
 Metaspace       used 56515K, capacity 57000K, committed 57216K, reserved 1097728K
  class space    used 9123K, capacity 9271K, committed 9344K, reserved 1048576K
Event: 6.346 GC heap after
Heap after GC invocations=9 (full 2):
 PSYoungGen      total 233472K, used 13809K [0x000000076ab00000, 0x000000077ee80000, 0x00000007c0000000)
  eden space 219648K, 0% used [0x000000076ab00000,0x000000076ab00000,0x0000000778180000)
  from space 13824K, 99% used [0x0000000778180000,0x0000000778efc648,0x0000000778f00000)
  to   space 25088K, 0% used [0x000000077d600000,0x000000077d600000,0x000000077ee80000)
 ParOldGen       total 135168K, used 30377K [0x00000006c0000000, 0x00000006c8400000, 0x000000076ab00000)
  object space 135168K, 22% used [0x00000006c0000000,0x00000006c1daa458,0x00000006c8400000)
 Metaspace       used 56515K, capacity 57000K, committed 57216K, reserved 1097728K
  class space    used 9123K, capacity 9271K, committed 9344K, reserved 1048576K
}

